<?xml version="1.0" encoding="UTF-8"?>
<!-- Generated by org.testng.reporters.JUnitXMLReporter -->
<testsuite ignored="2" hostname="TYSS-Vijayalaxmi" failures="0" tests="4" name="Test" time="0.061" errors="0" timestamp="2024-01-24T10:56:51 IST">
  <testcase classname="practice_package.SampleTest" name="sample1Test" time="0.01"/>
  <testcase classname="practice_package.SampleTest" name="sampleTest" time="0.003"/>
  <testcase classname="practice_package.PracticeTest" name="pract2Test" time="0.001"/>
  <testcase classname="practice_package.DemoTest" name="demo1Test" time="0.002"/>
  <testcase classname="practice_package.PracticeTest" name="pract1Test" time="0.0">
    <ignored/>
  </testcase> <!-- pract1Test -->
  <testcase classname="practice_package.DemoTest" name="demo2Test" time="0.0">
    <ignored/>
  </testcase> <!-- demo2Test -->
</testsuite> <!-- Test -->
