<?xml version="1.0" encoding="UTF-8"?>
<testng-results ignored="2" total="6" passed="4" failed="0" skipped="0">
  <reporter-output>
  </reporter-output>
  <suite started-at="2024-01-24T10:56:51 IST" name="Suite" finished-at="2024-01-24T10:56:51 IST" duration-ms="61">
    <groups>
      <group name="regression">
        <method signature="PracticeTest.pract2Test()[pri:0, instance:practice_package.PracticeTest@5b8dfcc1]" name="pract2Test" class="practice_package.PracticeTest"/>
        <method signature="SampleTest.sample1Test()[pri:0, instance:practice_package.SampleTest@223191a6]" name="sample1Test" class="practice_package.SampleTest"/>
      </group> <!-- regression -->
      <group name="smoke">
        <method signature="DemoTest.demo1Test()[pri:0, instance:practice_package.DemoTest@2f9f7dcf]" name="demo1Test" class="practice_package.DemoTest"/>
        <method signature="PracticeTest.pract2Test()[pri:0, instance:practice_package.PracticeTest@5b8dfcc1]" name="pract2Test" class="practice_package.PracticeTest"/>
        <method signature="SampleTest.sample1Test()[pri:0, instance:practice_package.SampleTest@223191a6]" name="sample1Test" class="practice_package.SampleTest"/>
        <method signature="SampleTest.sampleTest()[pri:0, instance:practice_package.SampleTest@223191a6]" name="sampleTest" class="practice_package.SampleTest"/>
      </group> <!-- smoke -->
    </groups>
    <test started-at="2024-01-24T10:56:51 IST" name="Test" finished-at="2024-01-24T10:56:51 IST" duration-ms="61">
      <class name="practice_package.PracticeTest">
        <test-method signature="pract2Test()[pri:0, instance:practice_package.PracticeTest@5b8dfcc1]" started-at="2024-01-24T10:56:51 IST" name="pract2Test" finished-at="2024-01-24T10:56:51 IST" duration-ms="1" status="PASS">
          <reporter-output>
          </reporter-output>
        </test-method> <!-- pract2Test -->
      </class> <!-- practice_package.PracticeTest -->
      <class name="practice_package.DemoTest">
        <test-method signature="demo1Test()[pri:0, instance:practice_package.DemoTest@2f9f7dcf]" started-at="2024-01-24T10:56:51 IST" name="demo1Test" finished-at="2024-01-24T10:56:51 IST" duration-ms="2" status="PASS">
          <reporter-output>
          </reporter-output>
        </test-method> <!-- demo1Test -->
      </class> <!-- practice_package.DemoTest -->
      <class name="practice_package.SampleTest">
        <test-method signature="sample1Test()[pri:0, instance:practice_package.SampleTest@223191a6]" started-at="2024-01-24T10:56:51 IST" name="sample1Test" finished-at="2024-01-24T10:56:51 IST" duration-ms="10" status="PASS">
          <reporter-output>
          </reporter-output>
        </test-method> <!-- sample1Test -->
        <test-method signature="sampleTest()[pri:0, instance:practice_package.SampleTest@223191a6]" started-at="2024-01-24T10:56:51 IST" name="sampleTest" finished-at="2024-01-24T10:56:51 IST" duration-ms="3" status="PASS">
          <reporter-output>
          </reporter-output>
        </test-method> <!-- sampleTest -->
      </class> <!-- practice_package.SampleTest -->
    </test> <!-- Test -->
  </suite> <!-- Suite -->
</testng-results>
